2026-06-02T11:54:04.359-03:00  INFO 19088 --- [main] c.u.verabackend.VeraBackendApplication   : Starting VeraBackendApplication using Java 25.0.3 with PID 19088 (C:\Users\ttpez\IdeaProjects\vera-backend\target\classes started by ttpez in C:\Users\ttpez\IdeaProjects\vera-backend)
2026-06-02T11:54:04.368-03:00 DEBUG 19088 --- [main] c.u.verabackend.VeraBackendApplication   : Running with Spring Boot v4.0.6, Spring v7.0.7
2026-06-02T11:54:04.370-03:00  INFO 19088 --- [main] c.u.verabackend.VeraBackendApplication   : No active profile set, falling back to 1 default profile: "default"
2026-06-02T11:54:07.529-03:00  INFO 19088 --- [main] .s.d.r.c.RepositoryConfigurationDelegate : Bootstrapping Spring Data JPA repositories in DEFAULT mode.
2026-06-02T11:54:07.676-03:00  INFO 19088 --- [main] .s.d.r.c.RepositoryConfigurationDelegate : Finished Spring Data repository scanning in 116 ms. Found 6 JPA repository interfaces.
2026-06-02T11:54:08.768-03:00  INFO 19088 --- [main] o.s.boot.tomcat.TomcatWebServer          : Tomcat initialized with port 8080 (http)
2026-06-02T11:54:08.788-03:00  INFO 19088 --- [main] o.apache.catalina.core.StandardService   : Starting service [Tomcat]
2026-06-02T11:54:08.789-03:00  INFO 19088 --- [main] o.apache.catalina.core.StandardEngine    : Starting Servlet engine: [Apache Tomcat/11.0.21]
2026-06-02T11:54:08.884-03:00  INFO 19088 --- [main] b.w.c.s.WebApplicationContextInitializer : Root WebApplicationContext: initialization completed in 4324 ms
2026-06-02T11:54:09.213-03:00  INFO 19088 --- [main] org.hibernate.orm.jpa                    : HHH008540: Processing PersistenceUnitInfo [name: default]
2026-06-02T11:54:09.332-03:00  INFO 19088 --- [main] org.hibernate.orm.core                   : HHH000001: Hibernate ORM core version 7.2.12.Final
2026-06-02T11:54:10.302-03:00  INFO 19088 --- [main] o.s.o.j.p.SpringPersistenceUnitInfo      : No LoadTimeWeaver setup: ignoring JPA class transformer
2026-06-02T11:54:10.352-03:00  INFO 19088 --- [main] com.zaxxer.hikari.HikariDataSource       : HikariPool-1 - Starting...
2026-06-02T11:54:13.973-03:00  INFO 19088 --- [main] com.zaxxer.hikari.pool.HikariPool        : HikariPool-1 - Added connection org.postgresql.jdbc.PgConnection@4ae2c01b
2026-06-02T11:54:13.976-03:00  INFO 19088 --- [main] com.zaxxer.hikari.HikariDataSource       : HikariPool-1 - Start completed.
2026-06-02T11:54:14.325-03:00  WARN 19088 --- [main] org.hibernate.orm.deprecation            : HHH90000025: PostgreSQLDialect does not need to be specified explicitly using 'hibernate.dialect' (remove the property setting and it will be selected by default)
2026-06-02T11:54:15.311-03:00  INFO 19088 --- [main] org.hibernate.orm.connections.pooling    : HHH10001005: Database info:
	Database JDBC URL [jdbc:postgresql://ep-holy-wind-aklqwzsa-pooler.c-3.us-west-2.aws.neon.tech/neondb?sslmode=require]
	Database driver: PostgreSQL JDBC Driver
	Database dialect: PostgreSQLDialect
	Database version: 17.10
	Default catalog/schema: neondb/public
	Autocommit mode: undefined/unknown
	Isolation level: READ_COMMITTED [default READ_COMMITTED]
	JDBC fetch size: none
	Pool: DataSourceConnectionProvider
	Minimum pool size: undefined/unknown
	Maximum pool size: undefined/unknown
2026-06-02T11:54:17.315-03:00  INFO 19088 --- [main] org.hibernate.orm.core                   : HHH000489: No JTA platform available (set 'hibernate.transaction.jta.platform' to enable JTA platform integration)
2026-06-02T11:54:20.503-03:00  INFO 19088 --- [main] j.LocalContainerEntityManagerFactoryBean : Initialized JPA EntityManagerFactory for persistence unit 'default'
2026-06-02T11:54:20.681-03:00  INFO 19088 --- [main] o.s.d.j.r.query.QueryEnhancerFactories   : Hibernate is in classpath; If applicable, HQL parser will be used.
2026-06-02T11:54:21.086-03:00  INFO 19088 --- [main] o.s.boot.web.servlet.RegistrationBean    : Filter jwtFilterRegistration was not registered (disabled)
2026-06-02T11:54:23.146-03:00  INFO 19088 --- [main] r$InitializeUserDetailsManagerConfigurer : Global AuthenticationManager configured with UserDetailsService bean with name userDetailsService
2026-06-02T11:54:23.750-03:00  WARN 19088 --- [main] JpaBaseConfiguration$JpaWebConfiguration : spring.jpa.open-in-view is enabled by default. Therefore, database queries may be performed during view rendering. Explicitly configure spring.jpa.open-in-view to disable this warning
2026-06-02T11:54:26.192-03:00  INFO 19088 --- [main] o.s.boot.tomcat.TomcatWebServer          : Tomcat started on port 8080 (http) with context path '/'
2026-06-02T11:54:26.201-03:00  INFO 19088 --- [main] c.u.verabackend.VeraBackendApplication   : Started VeraBackendApplication in 22.878 seconds (process running for 28.556)
2026-06-02T11:55:54.568-03:00  INFO 19088 --- [http-nio-8080-exec-1] o.a.c.c.C.[Tomcat].[localhost].[/]       : Initializing Spring DispatcherServlet 'dispatcherServlet'
2026-06-02T11:55:54.568-03:00  INFO 19088 --- [http-nio-8080-exec-1] o.s.web.servlet.DispatcherServlet        : Initializing Servlet 'dispatcherServlet'
2026-06-02T11:55:54.568-03:00  INFO 19088 --- [http-nio-8080-exec-1] o.s.web.servlet.DispatcherServlet        : Completed initialization in 0 ms
2026-06-02T12:01:46.453-03:00  INFO 19088 --- [SpringApplicationShutdownHook] o.s.boot.tomcat.GracefulShutdown         : Commencing graceful shutdown. Waiting for active requests to complete
2026-06-02T12:01:46.461-03:00  INFO 19088 --- [tomcat-shutdown] o.s.boot.tomcat.GracefulShutdown         : Graceful shutdown complete
2026-06-02T12:01:46.470-03:00  INFO 19088 --- [SpringApplicationShutdownHook] j.LocalContainerEntityManagerFactoryBean : Closing JPA EntityManagerFactory for persistence unit 'default'
2026-06-02T12:01:46.473-03:00  INFO 19088 --- [SpringApplicationShutdownHook] com.zaxxer.hikari.HikariDataSource       : HikariPool-1 - Shutdown initiated...
2026-06-02T12:01:47.696-03:00  INFO 19088 --- [SpringApplicationShutdownHook] com.zaxxer.hikari.HikariDataSource       : HikariPool-1 - Shutdown completed.
2026-06-02T12:02:08.410-03:00  INFO 13636 --- [main] c.u.verabackend.VeraBackendApplication   : Starting VeraBackendApplication using Java 25.0.3 with PID 13636 (C:\Users\ttpez\IdeaProjects\vera-backend\target\classes started by ttpez in C:\Users\ttpez\IdeaProjects\vera-backend)
2026-06-02T12:02:08.414-03:00 DEBUG 13636 --- [main] c.u.verabackend.VeraBackendApplication   : Running with Spring Boot v4.0.6, Spring v7.0.7
2026-06-02T12:02:08.415-03:00  INFO 13636 --- [main] c.u.verabackend.VeraBackendApplication   : No active profile set, falling back to 1 default profile: "default"
2026-06-02T12:02:09.978-03:00  INFO 13636 --- [main] .s.d.r.c.RepositoryConfigurationDelegate : Bootstrapping Spring Data JPA repositories in DEFAULT mode.
2026-06-02T12:02:10.122-03:00  INFO 13636 --- [main] .s.d.r.c.RepositoryConfigurationDelegate : Finished Spring Data repository scanning in 121 ms. Found 6 JPA repository interfaces.
2026-06-02T12:02:10.933-03:00  INFO 13636 --- [main] o.s.boot.tomcat.TomcatWebServer          : Tomcat initialized with port 8080 (http)
2026-06-02T12:02:10.948-03:00  INFO 13636 --- [main] o.apache.catalina.core.StandardService   : Starting service [Tomcat]
2026-06-02T12:02:10.948-03:00  INFO 13636 --- [main] o.apache.catalina.core.StandardEngine    : Starting Servlet engine: [Apache Tomcat/11.0.21]
2026-06-02T12:02:11.054-03:00  INFO 13636 --- [main] b.w.c.s.WebApplicationContextInitializer : Root WebApplicationContext: initialization completed in 2562 ms
2026-06-02T12:02:11.284-03:00  INFO 13636 --- [main] org.hibernate.orm.jpa                    : HHH008540: Processing PersistenceUnitInfo [name: default]
2026-06-02T12:02:11.370-03:00  INFO 13636 --- [main] org.hibernate.orm.core                   : HHH000001: Hibernate ORM core version 7.2.12.Final
2026-06-02T12:02:12.098-03:00  INFO 13636 --- [main] o.s.o.j.p.SpringPersistenceUnitInfo      : No LoadTimeWeaver setup: ignoring JPA class transformer
2026-06-02T12:02:12.150-03:00  INFO 13636 --- [main] com.zaxxer.hikari.HikariDataSource       : HikariPool-1 - Starting...
2026-06-02T12:02:14.851-03:00  INFO 13636 --- [main] com.zaxxer.hikari.pool.HikariPool        : HikariPool-1 - Added connection org.postgresql.jdbc.PgConnection@54687fd0
2026-06-02T12:02:14.854-03:00  INFO 13636 --- [main] com.zaxxer.hikari.HikariDataSource       : HikariPool-1 - Start completed.
2026-06-02T12:02:15.123-03:00  WARN 13636 --- [main] org.hibernate.orm.deprecation            : HHH90000025: PostgreSQLDialect does not need to be specified explicitly using 'hibernate.dialect' (remove the property setting and it will be selected by default)
2026-06-02T12:02:16.066-03:00  INFO 13636 --- [main] org.hibernate.orm.connections.pooling    : HHH10001005: Database info:
	Database JDBC URL [jdbc:postgresql://ep-holy-wind-aklqwzsa-pooler.c-3.us-west-2.aws.neon.tech/neondb?sslmode=require]
	Database driver: PostgreSQL JDBC Driver
	Database dialect: PostgreSQLDialect
	Database version: 17.10
	Default catalog/schema: neondb/public
	Autocommit mode: undefined/unknown
	Isolation level: READ_COMMITTED [default READ_COMMITTED]
	JDBC fetch size: none
	Pool: DataSourceConnectionProvider
	Minimum pool size: undefined/unknown
	Maximum pool size: undefined/unknown
2026-06-02T12:02:17.707-03:00  INFO 13636 --- [main] org.hibernate.orm.core                   : HHH000489: No JTA platform available (set 'hibernate.transaction.jta.platform' to enable JTA platform integration)
2026-06-02T12:02:20.379-03:00  INFO 13636 --- [main] j.LocalContainerEntityManagerFactoryBean : Initialized JPA EntityManagerFactory for persistence unit 'default'
2026-06-02T12:02:20.484-03:00  INFO 13636 --- [main] o.s.d.j.r.query.QueryEnhancerFactories   : Hibernate is in classpath; If applicable, HQL parser will be used.
2026-06-02T12:02:20.775-03:00  INFO 13636 --- [main] o.s.boot.web.servlet.RegistrationBean    : Filter jwtFilterRegistration was not registered (disabled)
2026-06-02T12:02:21.823-03:00  INFO 13636 --- [main] r$InitializeUserDetailsManagerConfigurer : Global AuthenticationManager configured with UserDetailsService bean with name userDetailsService
2026-06-02T12:02:22.003-03:00  WARN 13636 --- [main] JpaBaseConfiguration$JpaWebConfiguration : spring.jpa.open-in-view is enabled by default. Therefore, database queries may be performed during view rendering. Explicitly configure spring.jpa.open-in-view to disable this warning
2026-06-02T12:02:22.928-03:00  INFO 13636 --- [main] o.s.boot.tomcat.TomcatWebServer          : Tomcat started on port 8080 (http) with context path '/'
2026-06-02T12:02:22.939-03:00  INFO 13636 --- [main] c.u.verabackend.VeraBackendApplication   : Started VeraBackendApplication in 15.25 seconds (process running for 16.565)
2026-06-02T12:02:53.710-03:00  INFO 13636 --- [http-nio-8080-exec-1] o.a.c.c.C.[Tomcat].[localhost].[/]       : Initializing Spring DispatcherServlet 'dispatcherServlet'
2026-06-02T12:02:53.710-03:00  INFO 13636 --- [http-nio-8080-exec-1] o.s.web.servlet.DispatcherServlet        : Initializing Servlet 'dispatcherServlet'
2026-06-02T12:02:53.713-03:00  INFO 13636 --- [http-nio-8080-exec-1] o.s.web.servlet.DispatcherServlet        : Completed initialization in 3 ms
2026-06-02T12:19:34.386-03:00  INFO 13636 --- [SpringApplicationShutdownHook] o.s.boot.tomcat.GracefulShutdown         : Commencing graceful shutdown. Waiting for active requests to complete
2026-06-02T12:19:34.394-03:00  INFO 13636 --- [tomcat-shutdown] o.s.boot.tomcat.GracefulShutdown         : Graceful shutdown complete
2026-06-02T12:19:34.402-03:00  INFO 13636 --- [SpringApplicationShutdownHook] j.LocalContainerEntityManagerFactoryBean : Closing JPA EntityManagerFactory for persistence unit 'default'
2026-06-02T12:19:34.406-03:00  INFO 13636 --- [SpringApplicationShutdownHook] com.zaxxer.hikari.HikariDataSource       : HikariPool-1 - Shutdown initiated...
2026-06-02T12:19:35.609-03:00  INFO 13636 --- [SpringApplicationShutdownHook] com.zaxxer.hikari.HikariDataSource       : HikariPool-1 - Shutdown completed.
2026-06-02T12:38:57.545-03:00  INFO 11356 --- [main] c.u.verabackend.VeraBackendApplication   : Starting VeraBackendApplication using Java 25.0.3 with PID 11356 (C:\Users\ttpez\IdeaProjects\vera-backend\target\classes started by ttpez in C:\Users\ttpez\IdeaProjects\vera-backend)
2026-06-02T12:38:57.549-03:00 DEBUG 11356 --- [main] c.u.verabackend.VeraBackendApplication   : Running with Spring Boot v4.0.6, Spring v7.0.7
2026-06-02T12:38:57.550-03:00  INFO 11356 --- [main] c.u.verabackend.VeraBackendApplication   : No active profile set, falling back to 1 default profile: "default"
2026-06-02T12:38:58.913-03:00  INFO 11356 --- [main] .s.d.r.c.RepositoryConfigurationDelegate : Bootstrapping Spring Data JPA repositories in DEFAULT mode.
2026-06-02T12:38:59.042-03:00  INFO 11356 --- [main] .s.d.r.c.RepositoryConfigurationDelegate : Finished Spring Data repository scanning in 106 ms. Found 6 JPA repository interfaces.
2026-06-02T12:38:59.721-03:00  INFO 11356 --- [main] o.s.boot.tomcat.TomcatWebServer          : Tomcat initialized with port 8080 (http)
2026-06-02T12:38:59.738-03:00  INFO 11356 --- [main] o.apache.catalina.core.StandardService   : Starting service [Tomcat]
2026-06-02T12:38:59.739-03:00  INFO 11356 --- [main] o.apache.catalina.core.StandardEngine    : Starting Servlet engine: [Apache Tomcat/11.0.21]
2026-06-02T12:38:59.822-03:00  INFO 11356 --- [main] b.w.c.s.WebApplicationContextInitializer : Root WebApplicationContext: initialization completed in 2196 ms
2026-06-02T12:39:00.024-03:00  INFO 11356 --- [main] org.hibernate.orm.jpa                    : HHH008540: Processing PersistenceUnitInfo [name: default]
2026-06-02T12:39:00.095-03:00  INFO 11356 --- [main] org.hibernate.orm.core                   : HHH000001: Hibernate ORM core version 7.2.12.Final
2026-06-02T12:39:00.736-03:00  INFO 11356 --- [main] o.s.o.j.p.SpringPersistenceUnitInfo      : No LoadTimeWeaver setup: ignoring JPA class transformer
2026-06-02T12:39:00.779-03:00  INFO 11356 --- [main] com.zaxxer.hikari.HikariDataSource       : HikariPool-1 - Starting...
2026-06-02T12:39:03.653-03:00  INFO 11356 --- [main] com.zaxxer.hikari.pool.HikariPool        : HikariPool-1 - Added connection org.postgresql.jdbc.PgConnection@7a3a49e5
2026-06-02T12:39:03.657-03:00  INFO 11356 --- [main] com.zaxxer.hikari.HikariDataSource       : HikariPool-1 - Start completed.
2026-06-02T12:39:03.952-03:00  WARN 11356 --- [main] org.hibernate.orm.deprecation            : HHH90000025: PostgreSQLDialect does not need to be specified explicitly using 'hibernate.dialect' (remove the property setting and it will be selected by default)
2026-06-02T12:39:05.047-03:00  INFO 11356 --- [main] org.hibernate.orm.connections.pooling    : HHH10001005: Database info:
	Database JDBC URL [jdbc:postgresql://ep-holy-wind-aklqwzsa-pooler.c-3.us-west-2.aws.neon.tech/neondb?sslmode=require]
	Database driver: PostgreSQL JDBC Driver
	Database dialect: PostgreSQLDialect
	Database version: 17.10
	Default catalog/schema: neondb/public
	Autocommit mode: undefined/unknown
	Isolation level: READ_COMMITTED [default READ_COMMITTED]
	JDBC fetch size: none
	Pool: DataSourceConnectionProvider
	Minimum pool size: undefined/unknown
	Maximum pool size: undefined/unknown
2026-06-02T12:39:06.467-03:00  INFO 11356 --- [main] org.hibernate.orm.core                   : HHH000489: No JTA platform available (set 'hibernate.transaction.jta.platform' to enable JTA platform integration)
2026-06-02T12:39:10.190-03:00  INFO 11356 --- [main] j.LocalContainerEntityManagerFactoryBean : Initialized JPA EntityManagerFactory for persistence unit 'default'
2026-06-02T12:39:10.277-03:00  INFO 11356 --- [main] o.s.d.j.r.query.QueryEnhancerFactories   : Hibernate is in classpath; If applicable, HQL parser will be used.
2026-06-02T12:39:10.528-03:00  INFO 11356 --- [main] o.s.boot.web.servlet.RegistrationBean    : Filter jwtFilterRegistration was not registered (disabled)
2026-06-02T12:39:11.413-03:00  INFO 11356 --- [main] r$InitializeUserDetailsManagerConfigurer : Global AuthenticationManager configured with UserDetailsService bean with name userDetailsService
2026-06-02T12:39:11.571-03:00  WARN 11356 --- [main] JpaBaseConfiguration$JpaWebConfiguration : spring.jpa.open-in-view is enabled by default. Therefore, database queries may be performed during view rendering. Explicitly configure spring.jpa.open-in-view to disable this warning
2026-06-02T12:39:12.356-03:00  INFO 11356 --- [main] o.s.boot.tomcat.TomcatWebServer          : Tomcat started on port 8080 (http) with context path '/'
2026-06-02T12:39:12.365-03:00  INFO 11356 --- [main] c.u.verabackend.VeraBackendApplication   : Started VeraBackendApplication in 15.504 seconds (process running for 16.536)
2026-06-02T12:59:17.472-03:00  WARN 11356 --- [HikariPool-1:housekeeper] com.zaxxer.hikari.pool.PoolBase          : HikariPool-1 - Failed to validate connection org.postgresql.jdbc.PgConnection@fa321e6 (This connection has been closed.). Possibly consider using a shorter maxLifetime value.
2026-06-02T12:59:27.494-03:00  WARN 11356 --- [HikariPool-1:housekeeper] com.zaxxer.hikari.pool.PoolBase          : HikariPool-1 - Failed to validate connection org.postgresql.jdbc.PgConnection@591ea8de (This connection has been closed.). Possibly consider using a shorter maxLifetime value.
2026-06-02T12:59:37.499-03:00  WARN 11356 --- [HikariPool-1:housekeeper] com.zaxxer.hikari.pool.PoolBase          : HikariPool-1 - Failed to validate connection org.postgresql.jdbc.PgConnection@45b44bd9 (This connection has been closed.). Possibly consider using a shorter maxLifetime value.
2026-06-02T12:59:37.980-03:00  INFO 11356 --- [http-nio-8080-exec-1] o.a.c.c.C.[Tomcat].[localhost].[/]       : Initializing Spring DispatcherServlet 'dispatcherServlet'
2026-06-02T12:59:37.980-03:00  INFO 11356 --- [http-nio-8080-exec-1] o.s.web.servlet.DispatcherServlet        : Initializing Servlet 'dispatcherServlet'
2026-06-02T12:59:37.983-03:00  INFO 11356 --- [http-nio-8080-exec-1] o.s.web.servlet.DispatcherServlet        : Completed initialization in 2 ms
2026-06-02T12:59:47.520-03:00  WARN 11356 --- [HikariPool-1:housekeeper] com.zaxxer.hikari.pool.PoolBase          : HikariPool-1 - Failed to validate connection org.postgresql.jdbc.PgConnection@7a3a49e5 (This connection has been closed.). Possibly consider using a shorter maxLifetime value.
2026-06-02T12:59:47.520-03:00  WARN 11356 --- [HikariPool-1:housekeeper] com.zaxxer.hikari.pool.HikariPool        : HikariPool-1 - Thread starvation or clock leap detected (housekeeper delta=5m43s386ms608µs900ns).
2026-06-02T12:59:48.238-03:00  WARN 11356 --- [http-nio-8080-exec-2] com.zaxxer.hikari.pool.PoolBase          : HikariPool-1 - Failed to validate connection org.postgresql.jdbc.PgConnection@25629595 (This connection has been closed.). Possibly consider using a shorter maxLifetime value.
2026-06-02T13:02:05.686-03:00  INFO 11356 --- [SpringApplicationShutdownHook] o.s.boot.tomcat.GracefulShutdown         : Commencing graceful shutdown. Waiting for active requests to complete
2026-06-02T13:02:05.694-03:00  INFO 11356 --- [tomcat-shutdown] o.s.boot.tomcat.GracefulShutdown         : Graceful shutdown complete
2026-06-02T13:02:05.707-03:00  INFO 11356 --- [SpringApplicationShutdownHook] j.LocalContainerEntityManagerFactoryBean : Closing JPA EntityManagerFactory for persistence unit 'default'
2026-06-02T13:02:05.712-03:00  INFO 11356 --- [SpringApplicationShutdownHook] com.zaxxer.hikari.HikariDataSource       : HikariPool-1 - Shutdown initiated...
2026-06-02T13:02:06.888-03:00  INFO 11356 --- [SpringApplicationShutdownHook] com.zaxxer.hikari.HikariDataSource       : HikariPool-1 - Shutdown completed.
